<?xml version="1.0" encoding="UTF-8"?>
<!-- Generated by org.testng.reporters.JUnitReportReporter -->
<testsuite hostname="DESKTOP-17RC72H" failures="0" tests="1" name="jenkinlogin.jenkinlogin.ExtentTests" time="84.522" errors="0" timestamp="2021-08-27T21:00:40 IST" skipped="0">
  <testcase classname="jenkinlogin.jenkinlogin.ExtentTests" name="extentReportsDemo" time="84.522"/>
  <system-out/>
</testsuite> <!-- jenkinlogin.jenkinlogin.ExtentTests -->
